[02:33:06] [main/INFO]: Loading Minecraft 1.20.1 with Fabric Loader 0.19.3
[02:33:06] [main/INFO]: Fabric is preparing JARs on first launch, this may take a few seconds...
[02:33:06] [main/INFO]: Loading 4 mods:
	- fabricloader 0.19.3
	   \-- mixinextras 0.5.4
	- java 17
	- minecraft 1.20.1
[02:33:06] [main/INFO]: SpongePowered MIXIN Subsystem Version=0.8.7 Source=file:/C:/Users/Adam/AppData/Roaming/ModrinthApp/meta/libraries/net/fabricmc/sponge-mixin/0.17.3+mixin.0.8.7/sponge-mixin-0.17.3+mixin.0.8.7.jar Service=Knot/Fabric Env=CLIENT
[02:33:10] [Datafixer Bootstrap/INFO]: 188 Datafixer optimizations took 155 milliseconds
[02:33:12] [Render thread/INFO]: Environment: authHost='https://authserver.mojang.com', accountsHost='https://api.mojang.com', sessionHost='https://sessionserver.mojang.com', servicesHost='https://api.minecraftservices.com', name='PROD'
[02:33:12] [Render thread/INFO]: Setting user: vivaeur
[02:33:12] [Render thread/INFO]: Backend library: LWJGL version 3.3.1 SNAPSHOT
[02:33:14] [Render thread/INFO]: Reloading ResourceManager: vanilla
[02:33:14] [Worker-Main-7/INFO]: Found unifont_all_no_pua-15.0.06.hex, loading
[02:33:16] [Render thread/WARN]: Missing sound for event: minecraft:item.goat_horn.play
[02:33:16] [Render thread/WARN]: Missing sound for event: minecraft:entity.goat.screaming.horn_break
[02:33:16] [Render thread/INFO]: OpenAL initialized on device OpenAL Soft on Casque (HyperX Cloud III Wireless)
[02:33:16] [Render thread/INFO]: Sound engine started
[02:33:16] [Render thread/INFO]: Created: 1024x512x4 minecraft:textures/atlas/blocks.png-atlas
[02:33:16] [Render thread/INFO]: Created: 256x256x4 minecraft:textures/atlas/signs.png-atlas
[02:33:16] [Render thread/INFO]: Created: 512x512x4 minecraft:textures/atlas/shield_patterns.png-atlas
[02:33:16] [Render thread/INFO]: Created: 512x512x4 minecraft:textures/atlas/banner_patterns.png-atlas
[02:33:16] [Render thread/INFO]: Created: 1024x1024x4 minecraft:textures/atlas/armor_trims.png-atlas
[02:33:16] [Render thread/INFO]: Created: 128x64x4 minecraft:textures/atlas/decorated_pot.png-atlas
[02:33:16] [Render thread/INFO]: Created: 256x256x4 minecraft:textures/atlas/chest.png-atlas
[02:33:16] [Render thread/INFO]: Created: 512x256x4 minecraft:textures/atlas/shulker_boxes.png-atlas
[02:33:16] [Render thread/INFO]: Created: 512x256x4 minecraft:textures/atlas/beds.png-atlas
[02:33:16] [Render thread/WARN]: Shader rendertype_entity_translucent_emissive could not find sampler named Sampler2 in the specified shader program.
[02:33:16] [Render thread/INFO]: Created: 256x256x0 minecraft:textures/atlas/particles.png-atlas
[02:33:16] [Render thread/INFO]: Created: 256x256x0 minecraft:textures/atlas/paintings.png-atlas
[02:33:16] [Render thread/INFO]: Created: 128x128x0 minecraft:textures/atlas/mob_effects.png-atlas
[02:33:22] [Render thread/INFO]: Loaded 7 recipes
[02:33:22] [Render thread/INFO]: Loaded 1271 advancements
[02:33:31] [Render thread/INFO]: Connecting to 82.120.227.168, 50123
[02:33:43] [Render thread/INFO]: Connecting to 192.168.1.41, 50123
[02:34:03] [Render thread/INFO]: Connecting to 82.120.227.168, 50123
[02:34:11] [Render thread/INFO]: Stopping!
